Start testing: Sep 24 07:14 +07
----------------------------------------------------------
1/4 Testing: fakefs_gen
1/4 Test: fakefs_gen
Command: "/usr/bin/bash" "/home/kayu24/Desktop/Process_Monitor_Ubuntu24/scripts/gen_fake_procfs.sh" "/tmp/fake_pm"
Directory: /home/kayu24/Desktop/Process_Monitor_Ubuntu24/build/tests
"fakefs_gen" start time: Sep 24 07:14 +07
Output:
----------------------------------------------------------
[fake procfs] at /tmp/fake_pm
<end of output>
Test time =   0.01 sec
----------------------------------------------------------
Test Passed.
"fakefs_gen" end time: Sep 24 07:14 +07
"fakefs_gen" time elapsed: 00:00:00
----------------------------------------------------------

2/4 Testing: test_io_backoff
2/4 Test: test_io_backoff
Command: "/home/kayu24/Desktop/Process_Monitor_Ubuntu24/build/bin/test_io_backoff"
Directory: /home/kayu24/Desktop/Process_Monitor_Ubuntu24/build/tests
"test_io_backoff" start time: Sep 24 07:14 +07
Output:
----------------------------------------------------------
retry_rate=0.000
<end of output>
Test time =   0.00 sec
----------------------------------------------------------
Test Passed.
"test_io_backoff" end time: Sep 24 07:14 +07
"test_io_backoff" time elapsed: 00:00:00
----------------------------------------------------------

3/4 Testing: test_integ_fakefs
3/4 Test: test_integ_fakefs
Command: "/home/kayu24/Desktop/Process_Monitor_Ubuntu24/build/bin/test_integ_fakefs"
Directory: /home/kayu24/Desktop/Process_Monitor_Ubuntu24/build/tests
"test_integ_fakefs" start time: Sep 24 07:14 +07
Output:
----------------------------------------------------------
<end of output>
Test time =   0.00 sec
----------------------------------------------------------
Test Passed.
"test_integ_fakefs" end time: Sep 24 07:14 +07
"test_integ_fakefs" time elapsed: 00:00:00
----------------------------------------------------------

4/4 Testing: test_cb
4/4 Test: test_cb
Command: "/home/kayu24/Desktop/Process_Monitor_Ubuntu24/build/bin/test_cb"
Directory: /home/kayu24/Desktop/Process_Monitor_Ubuntu24/build/tests
"test_cb" start time: Sep 24 07:14 +07
Output:
----------------------------------------------------------
<end of output>
Test time =   0.00 sec
----------------------------------------------------------
Test Passed.
"test_cb" end time: Sep 24 07:14 +07
"test_cb" time elapsed: 00:00:00
----------------------------------------------------------

End testing: Sep 24 07:14 +07
